2012-04-10 16:07:16 Error: [MissingControllerException] Controller class CreateController could not be found.
#0 /Applications/MAMP/htdocs/Elke8eProject/app/webroot/index.php(96): Dispatcher->dispatch(Object(CakeRequest), Object(CakeResponse))
#1 {main}
2012-04-10 16:07:29 Error: [MissingTableException] Table reports for model Report was not found in datasource default.
#0 /Applications/MAMP/htdocs/Elke8eProject/lib/Cake/Model/Model.php(3398): Model->setSource('reports')
#1 /Applications/MAMP/htdocs/Elke8eProject/lib/Cake/Model/Model.php(1276): Model->getDataSource()
#2 /Applications/MAMP/htdocs/Elke8eProject/lib/Cake/View/Helper/FormHelper.php(191): Model->schema()
#3 /Applications/MAMP/htdocs/Elke8eProject/lib/Cake/View/Helper/FormHelper.php(444): FormHelper->_introspectModel('Report', 'fields')
#4 /Applications/MAMP/htdocs/Elke8eProject/app/View/reports/create.ctp(1): FormHelper->create('Report')
#5 /Applications/MAMP/htdocs/Elke8eProject/lib/Cake/View/View.php(908): include('/Applications/M...')
#6 /Applications/MAMP/htdocs/Elke8eProject/lib/Cake/View/View.php(872): View->_evaluate('/Applications/M...', Array)
#7 /Applications/MAMP/htdocs/Elke8eProject/lib/Cake/View/View.php(463): View->_render('/Applications/M...')
#8 /Applications/MAMP/htdocs/Elke8eProject/lib/Cake/Controller/Controller.php(959): View->render(NULL, NULL)
#9 /Applications/MAMP/htdocs/Elke8eProject/lib/Cake/Routing/Dispatcher.php(110): Controller->render()
#10 /Applications/MAMP/htdocs/Elke8eProject/lib/Cake/Routing/Dispatcher.php(85): Dispatcher->_invoke(Object(ReportsController), Object(CakeRequest), Object(CakeResponse))
#11 /Applications/MAMP/htdocs/Elke8eProject/app/webroot/index.php(96): Dispatcher->dispatch(Object(CakeRequest), Object(CakeResponse))
#12 {main}
2012-04-10 16:54:30 Error: [MissingBehaviorException] Behavior class MeioUploadBehavior could not be found.
#0 /Applications/MAMP/htdocs/Elke8eProject/lib/Cake/Model/BehaviorCollection.php(68): BehaviorCollection->load('MeioUpload', Array)
#1 /Applications/MAMP/htdocs/Elke8eProject/lib/Cake/Model/Model.php(725): BehaviorCollection->init('Report', Array)
#2 [internal function]: Model->__construct(Array)
#3 /Applications/MAMP/htdocs/Elke8eProject/lib/Cake/Utility/ClassRegistry.php(156): ReflectionClass->newInstance(Array)
#4 /Applications/MAMP/htdocs/Elke8eProject/lib/Cake/View/Helper/FormHelper.php(145): ClassRegistry::init(Array)
#5 /Applications/MAMP/htdocs/Elke8eProject/lib/Cake/View/Helper/FormHelper.php(331): FormHelper->_getModel('Report')
#6 /Applications/MAMP/htdocs/Elke8eProject/app/View/reports/create.ctp(2): FormHelper->create('Report')
#7 /Applications/MAMP/htdocs/Elke8eProject/lib/Cake/View/View.php(908): include('/Applications/M...')
#8 /Applications/MAMP/htdocs/Elke8eProject/lib/Cake/View/View.php(872): View->_evaluate('/Applications/M...', Array)
#9 /Applications/MAMP/htdocs/Elke8eProject/lib/Cake/View/View.php(463): View->_render('/Applications/M...')
#10 /Applications/MAMP/htdocs/Elke8eProject/lib/Cake/Controller/Controller.php(959): View->render(NULL, NULL)
#11 /Applications/MAMP/htdocs/Elke8eProject/lib/Cake/Routing/Dispatcher.php(110): Controller->render()
#12 /Applications/MAMP/htdocs/Elke8eProject/lib/Cake/Routing/Dispatcher.php(85): Dispatcher->_invoke(Object(ReportsController), Object(CakeRequest), Object(CakeResponse))
#13 /Applications/MAMP/htdocs/Elke8eProject/app/webroot/index.php(96): Dispatcher->dispatch(Object(CakeRequest), Object(CakeResponse))
#14 {main}
2012-04-10 16:56:37 Error: [MissingBehaviorException] Behavior class MeioUploadBehavior could not be found.
#0 /Applications/MAMP/htdocs/Elke8eProject/lib/Cake/Model/BehaviorCollection.php(68): BehaviorCollection->load('MeioUpload', Array)
#1 /Applications/MAMP/htdocs/Elke8eProject/lib/Cake/Model/Model.php(725): BehaviorCollection->init('Report', Array)
#2 [internal function]: Model->__construct(Array)
#3 /Applications/MAMP/htdocs/Elke8eProject/lib/Cake/Utility/ClassRegistry.php(156): ReflectionClass->newInstance(Array)
#4 /Applications/MAMP/htdocs/Elke8eProject/lib/Cake/View/Helper/FormHelper.php(145): ClassRegistry::init(Array)
#5 /Applications/MAMP/htdocs/Elke8eProject/lib/Cake/View/Helper/FormHelper.php(331): FormHelper->_getModel('Report')
#6 /Applications/MAMP/htdocs/Elke8eProject/app/View/reports/create.ctp(2): FormHelper->create('Report')
#7 /Applications/MAMP/htdocs/Elke8eProject/lib/Cake/View/View.php(908): include('/Applications/M...')
#8 /Applications/MAMP/htdocs/Elke8eProject/lib/Cake/View/View.php(872): View->_evaluate('/Applications/M...', Array)
#9 /Applications/MAMP/htdocs/Elke8eProject/lib/Cake/View/View.php(463): View->_render('/Applications/M...')
#10 /Applications/MAMP/htdocs/Elke8eProject/lib/Cake/Controller/Controller.php(959): View->render(NULL, NULL)
#11 /Applications/MAMP/htdocs/Elke8eProject/lib/Cake/Routing/Dispatcher.php(110): Controller->render()
#12 /Applications/MAMP/htdocs/Elke8eProject/lib/Cake/Routing/Dispatcher.php(85): Dispatcher->_invoke(Object(ReportsController), Object(CakeRequest), Object(CakeResponse))
#13 /Applications/MAMP/htdocs/Elke8eProject/app/webroot/index.php(96): Dispatcher->dispatch(Object(CakeRequest), Object(CakeResponse))
#14 {main}
2012-04-10 16:56:39 Error: [MissingBehaviorException] Behavior class MeioUploadBehavior could not be found.
#0 /Applications/MAMP/htdocs/Elke8eProject/lib/Cake/Model/BehaviorCollection.php(68): BehaviorCollection->load('MeioUpload', Array)
#1 /Applications/MAMP/htdocs/Elke8eProject/lib/Cake/Model/Model.php(725): BehaviorCollection->init('Report', Array)
#2 [internal function]: Model->__construct(Array)
#3 /Applications/MAMP/htdocs/Elke8eProject/lib/Cake/Utility/ClassRegistry.php(156): ReflectionClass->newInstance(Array)
#4 /Applications/MAMP/htdocs/Elke8eProject/lib/Cake/View/Helper/FormHelper.php(145): ClassRegistry::init(Array)
#5 /Applications/MAMP/htdocs/Elke8eProject/lib/Cake/View/Helper/FormHelper.php(331): FormHelper->_getModel('Report')
#6 /Applications/MAMP/htdocs/Elke8eProject/app/View/reports/create.ctp(2): FormHelper->create('Report')
#7 /Applications/MAMP/htdocs/Elke8eProject/lib/Cake/View/View.php(908): include('/Applications/M...')
#8 /Applications/MAMP/htdocs/Elke8eProject/lib/Cake/View/View.php(872): View->_evaluate('/Applications/M...', Array)
#9 /Applications/MAMP/htdocs/Elke8eProject/lib/Cake/View/View.php(463): View->_render('/Applications/M...')
#10 /Applications/MAMP/htdocs/Elke8eProject/lib/Cake/Controller/Controller.php(959): View->render(NULL, NULL)
#11 /Applications/MAMP/htdocs/Elke8eProject/lib/Cake/Routing/Dispatcher.php(110): Controller->render()
#12 /Applications/MAMP/htdocs/Elke8eProject/lib/Cake/Routing/Dispatcher.php(85): Dispatcher->_invoke(Object(ReportsController), Object(CakeRequest), Object(CakeResponse))
#13 /Applications/MAMP/htdocs/Elke8eProject/app/webroot/index.php(96): Dispatcher->dispatch(Object(CakeRequest), Object(CakeResponse))
#14 {main}
2012-04-10 17:23:29 Error: [MissingActionException] Action ReportsController::index() could not be found.
#0 /Applications/MAMP/htdocs/Elke8eProject/lib/Cake/Routing/Dispatcher.php(103): Controller->invokeAction(Object(CakeRequest))
#1 /Applications/MAMP/htdocs/Elke8eProject/lib/Cake/Routing/Dispatcher.php(85): Dispatcher->_invoke(Object(ReportsController), Object(CakeRequest), Object(CakeResponse))
#2 /Applications/MAMP/htdocs/Elke8eProject/app/webroot/index.php(96): Dispatcher->dispatch(Object(CakeRequest), Object(CakeResponse))
#3 {main}
2012-04-10 18:01:26 Error: [PDOException] SQLSTATE[42S22]: Column not found: 1054 Unknown column 'Report.id' in 'where clause'
#0 /Applications/MAMP/htdocs/Elke8eProject/lib/Cake/Model/Datasource/DboSource.php(437): PDOStatement->execute(Array)
#1 /Applications/MAMP/htdocs/Elke8eProject/lib/Cake/Model/Datasource/DboSource.php(403): DboSource->_execute('UPDATE `databas...', Array)
#2 /Applications/MAMP/htdocs/Elke8eProject/lib/Cake/Model/Datasource/Database/Mysql.php(377): DboSource->execute('UPDATE `databas...')
#3 /Applications/MAMP/htdocs/Elke8eProject/lib/Cake/Model/Model.php(2358): Mysql->update(Object(Report), Array, NULL, Array)
#4 /Applications/MAMP/htdocs/Elke8eProject/app/Plugin/Upload/Model/Behavior/UploadBehavior.php(296): Model->updateAll(Array, Array)
#5 [internal function]: UploadBehavior->afterSave(Object(Report), true, Array)
#6 /Applications/MAMP/htdocs/Elke8eProject/lib/Cake/Utility/ObjectCollection.php(130): call_user_func_array(Array, Array)
#7 [internal function]: ObjectCollection->trigger(Object(CakeEvent))
#8 /Applications/MAMP/htdocs/Elke8eProject/lib/Cake/Event/CakeEventManager.php(246): call_user_func(Array, Object(CakeEvent))
#9 /Applications/MAMP/htdocs/Elke8eProject/lib/Cake/Model/Model.php(1728): CakeEventManager->dispatch(Object(CakeEvent))
#10 /Applications/MAMP/htdocs/Elke8eProject/app/Controller/ReportsController.php(17): Model->save(Array)
#11 [internal function]: ReportsController->create()
#12 /Applications/MAMP/htdocs/Elke8eProject/lib/Cake/Controller/Controller.php(485): ReflectionMethod->invokeArgs(Object(ReportsController), Array)
#13 /Applications/MAMP/htdocs/Elke8eProject/lib/Cake/Routing/Dispatcher.php(103): Controller->invokeAction(Object(CakeRequest))
#14 /Applications/MAMP/htdocs/Elke8eProject/lib/Cake/Routing/Dispatcher.php(85): Dispatcher->_invoke(Object(ReportsController), Object(CakeRequest), Object(CakeResponse))
#15 /Applications/MAMP/htdocs/Elke8eProject/app/webroot/index.php(96): Dispatcher->dispatch(Object(CakeRequest), Object(CakeResponse))
#16 {main}
2012-04-10 18:02:22 Error: [PDOException] SQLSTATE[42S22]: Column not found: 1054 Unknown column 'Report.id' in 'where clause'
#0 /Applications/MAMP/htdocs/Elke8eProject/lib/Cake/Model/Datasource/DboSource.php(437): PDOStatement->execute(Array)
#1 /Applications/MAMP/htdocs/Elke8eProject/lib/Cake/Model/Datasource/DboSource.php(403): DboSource->_execute('UPDATE `databas...', Array)
#2 /Applications/MAMP/htdocs/Elke8eProject/lib/Cake/Model/Datasource/Database/Mysql.php(377): DboSource->execute('UPDATE `databas...')
#3 /Applications/MAMP/htdocs/Elke8eProject/lib/Cake/Model/Model.php(2358): Mysql->update(Object(Report), Array, NULL, Array)
#4 /Applications/MAMP/htdocs/Elke8eProject/app/Plugin/Upload/Model/Behavior/UploadBehavior.php(296): Model->updateAll(Array, Array)
#5 [internal function]: UploadBehavior->afterSave(Object(Report), true, Array)
#6 /Applications/MAMP/htdocs/Elke8eProject/lib/Cake/Utility/ObjectCollection.php(130): call_user_func_array(Array, Array)
#7 [internal function]: ObjectCollection->trigger(Object(CakeEvent))
#8 /Applications/MAMP/htdocs/Elke8eProject/lib/Cake/Event/CakeEventManager.php(246): call_user_func(Array, Object(CakeEvent))
#9 /Applications/MAMP/htdocs/Elke8eProject/lib/Cake/Model/Model.php(1728): CakeEventManager->dispatch(Object(CakeEvent))
#10 /Applications/MAMP/htdocs/Elke8eProject/app/Controller/ReportsController.php(17): Model->save(Array)
#11 [internal function]: ReportsController->create()
#12 /Applications/MAMP/htdocs/Elke8eProject/lib/Cake/Controller/Controller.php(485): ReflectionMethod->invokeArgs(Object(ReportsController), Array)
#13 /Applications/MAMP/htdocs/Elke8eProject/lib/Cake/Routing/Dispatcher.php(103): Controller->invokeAction(Object(CakeRequest))
#14 /Applications/MAMP/htdocs/Elke8eProject/lib/Cake/Routing/Dispatcher.php(85): Dispatcher->_invoke(Object(ReportsController), Object(CakeRequest), Object(CakeResponse))
#15 /Applications/MAMP/htdocs/Elke8eProject/app/webroot/index.php(96): Dispatcher->dispatch(Object(CakeRequest), Object(CakeResponse))
#16 {main}
2012-04-10 18:03:14 Error: [PDOException] SQLSTATE[42S22]: Column not found: 1054 Unknown column 'Report.id' in 'where clause'
#0 /Applications/MAMP/htdocs/Elke8eProject/lib/Cake/Model/Datasource/DboSource.php(437): PDOStatement->execute(Array)
#1 /Applications/MAMP/htdocs/Elke8eProject/lib/Cake/Model/Datasource/DboSource.php(403): DboSource->_execute('UPDATE `databas...', Array)
#2 /Applications/MAMP/htdocs/Elke8eProject/lib/Cake/Model/Datasource/Database/Mysql.php(377): DboSource->execute('UPDATE `databas...')
#3 /Applications/MAMP/htdocs/Elke8eProject/lib/Cake/Model/Model.php(2358): Mysql->update(Object(Report), Array, NULL, Array)
#4 /Applications/MAMP/htdocs/Elke8eProject/app/Plugin/Upload/Model/Behavior/UploadBehavior.php(296): Model->updateAll(Array, Array)
#5 [internal function]: UploadBehavior->afterSave(Object(Report), true, Array)
#6 /Applications/MAMP/htdocs/Elke8eProject/lib/Cake/Utility/ObjectCollection.php(130): call_user_func_array(Array, Array)
#7 [internal function]: ObjectCollection->trigger(Object(CakeEvent))
#8 /Applications/MAMP/htdocs/Elke8eProject/lib/Cake/Event/CakeEventManager.php(246): call_user_func(Array, Object(CakeEvent))
#9 /Applications/MAMP/htdocs/Elke8eProject/lib/Cake/Model/Model.php(1728): CakeEventManager->dispatch(Object(CakeEvent))
#10 /Applications/MAMP/htdocs/Elke8eProject/app/Controller/ReportsController.php(17): Model->save(Array)
#11 [internal function]: ReportsController->create()
#12 /Applications/MAMP/htdocs/Elke8eProject/lib/Cake/Controller/Controller.php(485): ReflectionMethod->invokeArgs(Object(ReportsController), Array)
#13 /Applications/MAMP/htdocs/Elke8eProject/lib/Cake/Routing/Dispatcher.php(103): Controller->invokeAction(Object(CakeRequest))
#14 /Applications/MAMP/htdocs/Elke8eProject/lib/Cake/Routing/Dispatcher.php(85): Dispatcher->_invoke(Object(ReportsController), Object(CakeRequest), Object(CakeResponse))
#15 /Applications/MAMP/htdocs/Elke8eProject/app/webroot/index.php(96): Dispatcher->dispatch(Object(CakeRequest), Object(CakeResponse))
#16 {main}
2012-04-10 18:38:39 Error: [MissingActionException] Action ReportsController::dleete() could not be found.
#0 /Applications/MAMP/htdocs/Elke8eProject/lib/Cake/Routing/Dispatcher.php(103): Controller->invokeAction(Object(CakeRequest))
#1 /Applications/MAMP/htdocs/Elke8eProject/lib/Cake/Routing/Dispatcher.php(85): Dispatcher->_invoke(Object(ReportsController), Object(CakeRequest), Object(CakeResponse))
#2 /Applications/MAMP/htdocs/Elke8eProject/app/webroot/index.php(96): Dispatcher->dispatch(Object(CakeRequest), Object(CakeResponse))
#3 {main}
2012-04-11 20:56:25 Error: [MissingComponentException] Component class JqImgcropComponent could not be found.
#0 /Applications/MAMP/htdocs/Elke8eProject/lib/Cake/Controller/ComponentCollection.php(52): ComponentCollection->load('JqImgcrop', Array)
#1 /Applications/MAMP/htdocs/Elke8eProject/lib/Cake/Controller/Controller.php(635): ComponentCollection->init(Object(ReportsController))
#2 /Applications/MAMP/htdocs/Elke8eProject/lib/Cake/Routing/Dispatcher.php(99): Controller->constructClasses()
#3 /Applications/MAMP/htdocs/Elke8eProject/lib/Cake/Routing/Dispatcher.php(85): Dispatcher->_invoke(Object(ReportsController), Object(CakeRequest), Object(CakeResponse))
#4 /Applications/MAMP/htdocs/Elke8eProject/app/webroot/index.php(96): Dispatcher->dispatch(Object(CakeRequest), Object(CakeResponse))
#5 {main}
2012-04-11 21:51:07 Error: [MissingActionException] Action ReportsController::function.call-user-func-array() could not be found.
#0 /Applications/MAMP/htdocs/Elke8eProject/lib/Cake/Routing/Dispatcher.php(103): Controller->invokeAction(Object(CakeRequest))
#1 /Applications/MAMP/htdocs/Elke8eProject/lib/Cake/Routing/Dispatcher.php(85): Dispatcher->_invoke(Object(ReportsController), Object(CakeRequest), Object(CakeResponse))
#2 /Applications/MAMP/htdocs/Elke8eProject/app/webroot/index.php(96): Dispatcher->dispatch(Object(CakeRequest), Object(CakeResponse))
#3 {main}
2012-04-11 23:33:44 Error: [PDOException] SQLSTATE[42S22]: Column not found: 1054 Unknown column 'Report.' in 'where clause'
#0 /Applications/MAMP/htdocs/Elke8eProject/lib/Cake/Model/Datasource/DboSource.php(437): PDOStatement->execute(Array)
#1 /Applications/MAMP/htdocs/Elke8eProject/lib/Cake/Model/Datasource/DboSource.php(403): DboSource->_execute('SELECT `Report`...', Array)
#2 /Applications/MAMP/htdocs/Elke8eProject/lib/Cake/Model/Datasource/DboSource.php(647): DboSource->execute('SELECT `Report`...', Array, Array)
#3 /Applications/MAMP/htdocs/Elke8eProject/lib/Cake/Model/Datasource/DboSource.php(1058): DboSource->fetchAll('SELECT `Report`...', false)
#4 /Applications/MAMP/htdocs/Elke8eProject/lib/Cake/Model/Model.php(2653): DboSource->read(Object(Report), Array)
#5 /Applications/MAMP/htdocs/Elke8eProject/lib/Cake/Model/Datasource/DboSource.php(576): Model->find('first', Array)
#6 /Applications/MAMP/htdocs/Elke8eProject/lib/Cake/Model/Model.php(775): DboSource->query('findBy', Array, Object(Report))
#7 /Applications/MAMP/htdocs/Elke8eProject/app/Controller/ReportsController.php(42): Model->__call('findBy', Array)
#8 /Applications/MAMP/htdocs/Elke8eProject/app/Controller/ReportsController.php(42): Report->findBy('9')
#9 [internal function]: ReportsController->edit('9')
#10 /Applications/MAMP/htdocs/Elke8eProject/lib/Cake/Controller/Controller.php(485): ReflectionMethod->invokeArgs(Object(ReportsController), Array)
#11 /Applications/MAMP/htdocs/Elke8eProject/lib/Cake/Routing/Dispatcher.php(103): Controller->invokeAction(Object(CakeRequest))
#12 /Applications/MAMP/htdocs/Elke8eProject/lib/Cake/Routing/Dispatcher.php(85): Dispatcher->_invoke(Object(ReportsController), Object(CakeRequest), Object(CakeResponse))
#13 /Applications/MAMP/htdocs/Elke8eProject/app/webroot/index.php(96): Dispatcher->dispatch(Object(CakeRequest), Object(CakeResponse))
#14 {main}
2012-04-12 04:19:00 Error: [MissingControllerException] Controller class Index.phpController could not be found.
#0 C:\xampp\htdocs\Elke8eProject\app\webroot\index.php(96): Dispatcher->dispatch(Object(CakeRequest), Object(CakeResponse))
#1 {main}
2012-04-12 04:19:52 Error: [MissingControllerException] Controller class Index.phpController could not be found.
#0 C:\xampp\htdocs\Elke8eProject\app\webroot\index.php(96): Dispatcher->dispatch(Object(CakeRequest), Object(CakeResponse))
#1 {main}
2012-04-12 19:27:01 Error: [MissingActionException] Action ReportsController::index() could not be found.
#0 C:\xampp\htdocs\Elke8eProject\lib\Cake\Routing\Dispatcher.php(103): Controller->invokeAction(Object(CakeRequest))
#1 C:\xampp\htdocs\Elke8eProject\lib\Cake\Routing\Dispatcher.php(85): Dispatcher->_invoke(Object(ReportsController), Object(CakeRequest), Object(CakeResponse))
#2 C:\xampp\htdocs\Elke8eProject\app\webroot\index.php(96): Dispatcher->dispatch(Object(CakeRequest), Object(CakeResponse))
#3 {main}
2012-04-14 00:47:38 Error: [MissingActionException] Action HotSpeciesController::index() could not be found.
#0 C:\xampp\htdocs\Elke8eProject\lib\Cake\Routing\Dispatcher.php(103): Controller->invokeAction(Object(CakeRequest))
#1 C:\xampp\htdocs\Elke8eProject\lib\Cake\Routing\Dispatcher.php(85): Dispatcher->_invoke(Object(HotSpeciesController), Object(CakeRequest), Object(CakeResponse))
#2 C:\xampp\htdocs\Elke8eProject\app\webroot\index.php(96): Dispatcher->dispatch(Object(CakeRequest), Object(CakeResponse))
#3 {main}
2012-04-14 01:29:21 Error: [MissingActionException] Action HotSpeciesController::index() could not be found.
#0 C:\xampp\htdocs\Elke8eProject\lib\Cake\Routing\Dispatcher.php(103): Controller->invokeAction(Object(CakeRequest))
#1 C:\xampp\htdocs\Elke8eProject\lib\Cake\Routing\Dispatcher.php(85): Dispatcher->_invoke(Object(HotSpeciesController), Object(CakeRequest), Object(CakeResponse))
#2 C:\xampp\htdocs\Elke8eProject\app\webroot\index.php(96): Dispatcher->dispatch(Object(CakeRequest), Object(CakeResponse))
#3 {main}
2012-04-14 01:30:07 Error: [MissingActionException] Action ReportsController::index() could not be found.
#0 C:\xampp\htdocs\Elke8eProject\lib\Cake\Routing\Dispatcher.php(103): Controller->invokeAction(Object(CakeRequest))
#1 C:\xampp\htdocs\Elke8eProject\lib\Cake\Routing\Dispatcher.php(85): Dispatcher->_invoke(Object(ReportsController), Object(CakeRequest), Object(CakeResponse))
#2 C:\xampp\htdocs\Elke8eProject\app\webroot\index.php(96): Dispatcher->dispatch(Object(CakeRequest), Object(CakeResponse))
#3 {main}
2012-04-14 01:32:06 Error: [MissingActionException] Action HotSpeciesController::index() could not be found.
#0 C:\xampp\htdocs\Elke8eProject\lib\Cake\Routing\Dispatcher.php(103): Controller->invokeAction(Object(CakeRequest))
#1 C:\xampp\htdocs\Elke8eProject\lib\Cake\Routing\Dispatcher.php(85): Dispatcher->_invoke(Object(HotSpeciesController), Object(CakeRequest), Object(CakeResponse))
#2 C:\xampp\htdocs\Elke8eProject\app\webroot\index.php(96): Dispatcher->dispatch(Object(CakeRequest), Object(CakeResponse))
#3 {main}
2012-04-14 01:33:08 Error: [MissingActionException] Action HotSpeciesController::index() could not be found.
#0 C:\xampp\htdocs\Elke8eProject\lib\Cake\Routing\Dispatcher.php(103): Controller->invokeAction(Object(CakeRequest))
#1 C:\xampp\htdocs\Elke8eProject\lib\Cake\Routing\Dispatcher.php(85): Dispatcher->_invoke(Object(HotSpeciesController), Object(CakeRequest), Object(CakeResponse))
#2 C:\xampp\htdocs\Elke8eProject\app\webroot\index.php(96): Dispatcher->dispatch(Object(CakeRequest), Object(CakeResponse))
#3 {main}
2012-04-14 02:29:16 Error: [MissingActionException] Action HotSpeciesController::index() could not be found.
#0 C:\xampp\htdocs\Elke8eProject\lib\Cake\Routing\Dispatcher.php(103): Controller->invokeAction(Object(CakeRequest))
#1 C:\xampp\htdocs\Elke8eProject\lib\Cake\Routing\Dispatcher.php(85): Dispatcher->_invoke(Object(HotSpeciesController), Object(CakeRequest), Object(CakeResponse))
#2 C:\xampp\htdocs\Elke8eProject\app\webroot\index.php(96): Dispatcher->dispatch(Object(CakeRequest), Object(CakeResponse))
#3 {main}
2012-04-14 02:29:18 Error: [MissingActionException] Action HotSpeciesController::index() could not be found.
#0 C:\xampp\htdocs\Elke8eProject\lib\Cake\Routing\Dispatcher.php(103): Controller->invokeAction(Object(CakeRequest))
#1 C:\xampp\htdocs\Elke8eProject\lib\Cake\Routing\Dispatcher.php(85): Dispatcher->_invoke(Object(HotSpeciesController), Object(CakeRequest), Object(CakeResponse))
#2 C:\xampp\htdocs\Elke8eProject\app\webroot\index.php(96): Dispatcher->dispatch(Object(CakeRequest), Object(CakeResponse))
#3 {main}
2012-04-14 02:30:19 Error: [MissingViewException] View file "C:\xampp\htdocs\Elke8eProject\app\View\HotSpecies\submit.ctp" is missing.
#0 C:\xampp\htdocs\Elke8eProject\lib\Cake\View\View.php(460): View->_getViewFileName(NULL)
#1 C:\xampp\htdocs\Elke8eProject\lib\Cake\Controller\Controller.php(959): View->render(NULL, NULL)
#2 C:\xampp\htdocs\Elke8eProject\lib\Cake\Routing\Dispatcher.php(110): Controller->render()
#3 C:\xampp\htdocs\Elke8eProject\lib\Cake\Routing\Dispatcher.php(85): Dispatcher->_invoke(Object(HotSpeciesController), Object(CakeRequest), Object(CakeResponse))
#4 C:\xampp\htdocs\Elke8eProject\app\webroot\index.php(96): Dispatcher->dispatch(Object(CakeRequest), Object(CakeResponse))
#5 {main}
2012-04-14 02:30:38 Error: [MissingViewException] View file "C:\xampp\htdocs\Elke8eProject\app\View\HotSpecies\submit.ctp" is missing.
#0 C:\xampp\htdocs\Elke8eProject\lib\Cake\View\View.php(460): View->_getViewFileName(NULL)
#1 C:\xampp\htdocs\Elke8eProject\lib\Cake\Controller\Controller.php(959): View->render(NULL, NULL)
#2 C:\xampp\htdocs\Elke8eProject\lib\Cake\Routing\Dispatcher.php(110): Controller->render()
#3 C:\xampp\htdocs\Elke8eProject\lib\Cake\Routing\Dispatcher.php(85): Dispatcher->_invoke(Object(HotSpeciesController), Object(CakeRequest), Object(CakeResponse))
#4 C:\xampp\htdocs\Elke8eProject\app\webroot\index.php(96): Dispatcher->dispatch(Object(CakeRequest), Object(CakeResponse))
#5 {main}
2012-04-14 16:50:53 Error: [MissingTableException] Table hot_species for model HotSpecie was not found in datasource default.
#0 C:\xampp\htdocs\Elke8eProject\lib\Cake\Model\Model.php(3398): Model->setSource('hot_species')
#1 C:\xampp\htdocs\Elke8eProject\lib\Cake\Model\Model.php(2653): Model->getDataSource()
#2 C:\xampp\htdocs\Elke8eProject\app\Controller\HotSpeciesController.php(59): Model->find('all')
#3 [internal function]: HotSpeciesController->show()
#4 C:\xampp\htdocs\Elke8eProject\lib\Cake\Controller\Controller.php(485): ReflectionMethod->invokeArgs(Object(HotSpeciesController), Array)
#5 C:\xampp\htdocs\Elke8eProject\lib\Cake\Routing\Dispatcher.php(103): Controller->invokeAction(Object(CakeRequest))
#6 C:\xampp\htdocs\Elke8eProject\lib\Cake\Routing\Dispatcher.php(85): Dispatcher->_invoke(Object(HotSpeciesController), Object(CakeRequest), Object(CakeResponse))
#7 C:\xampp\htdocs\Elke8eProject\app\webroot\index.php(96): Dispatcher->dispatch(Object(CakeRequest), Object(CakeResponse))
#8 {main}
2012-04-14 16:53:55 Error: [MissingTableException] Table hot_species for model HotSpecie was not found in datasource default.
#0 C:\xampp\htdocs\Elke8eProject\lib\Cake\Model\Model.php(3398): Model->setSource('hot_species')
#1 C:\xampp\htdocs\Elke8eProject\lib\Cake\Model\Model.php(2653): Model->getDataSource()
#2 C:\xampp\htdocs\Elke8eProject\app\Controller\HotSpeciesController.php(37): Model->find(Array)
#3 [internal function]: HotSpeciesController->update('2')
#4 C:\xampp\htdocs\Elke8eProject\lib\Cake\Controller\Controller.php(485): ReflectionMethod->invokeArgs(Object(HotSpeciesController), Array)
#5 C:\xampp\htdocs\Elke8eProject\lib\Cake\Routing\Dispatcher.php(103): Controller->invokeAction(Object(CakeRequest))
#6 C:\xampp\htdocs\Elke8eProject\lib\Cake\Routing\Dispatcher.php(85): Dispatcher->_invoke(Object(HotSpeciesController), Object(CakeRequest), Object(CakeResponse))
#7 C:\xampp\htdocs\Elke8eProject\app\webroot\index.php(96): Dispatcher->dispatch(Object(CakeRequest), Object(CakeResponse))
#8 {main}
2012-04-14 16:54:11 Error: [MissingTableException] Table hot_species for model HotSpecie was not found in datasource default.
#0 C:\xampp\htdocs\Elke8eProject\lib\Cake\Model\Model.php(3398): Model->setSource('hot_species')
#1 C:\xampp\htdocs\Elke8eProject\lib\Cake\Model\Model.php(2653): Model->getDataSource()
#2 C:\xampp\htdocs\Elke8eProject\app\Controller\HotSpeciesController.php(37): Model->find(Array)
#3 [internal function]: HotSpeciesController->update('2')
#4 C:\xampp\htdocs\Elke8eProject\lib\Cake\Controller\Controller.php(485): ReflectionMethod->invokeArgs(Object(HotSpeciesController), Array)
#5 C:\xampp\htdocs\Elke8eProject\lib\Cake\Routing\Dispatcher.php(103): Controller->invokeAction(Object(CakeRequest))
#6 C:\xampp\htdocs\Elke8eProject\lib\Cake\Routing\Dispatcher.php(85): Dispatcher->_invoke(Object(HotSpeciesController), Object(CakeRequest), Object(CakeResponse))
#7 C:\xampp\htdocs\Elke8eProject\app\webroot\index.php(96): Dispatcher->dispatch(Object(CakeRequest), Object(CakeResponse))
#8 {main}
2012-04-14 16:54:13 Error: [MissingTableException] Table hot_species for model HotSpecie was not found in datasource default.
#0 C:\xampp\htdocs\Elke8eProject\lib\Cake\Model\Model.php(3398): Model->setSource('hot_species')
#1 C:\xampp\htdocs\Elke8eProject\lib\Cake\Model\Model.php(2653): Model->getDataSource()
#2 C:\xampp\htdocs\Elke8eProject\app\Controller\HotSpeciesController.php(37): Model->find(Array)
#3 [internal function]: HotSpeciesController->update('2')
#4 C:\xampp\htdocs\Elke8eProject\lib\Cake\Controller\Controller.php(485): ReflectionMethod->invokeArgs(Object(HotSpeciesController), Array)
#5 C:\xampp\htdocs\Elke8eProject\lib\Cake\Routing\Dispatcher.php(103): Controller->invokeAction(Object(CakeRequest))
#6 C:\xampp\htdocs\Elke8eProject\lib\Cake\Routing\Dispatcher.php(85): Dispatcher->_invoke(Object(HotSpeciesController), Object(CakeRequest), Object(CakeResponse))
#7 C:\xampp\htdocs\Elke8eProject\app\webroot\index.php(96): Dispatcher->dispatch(Object(CakeRequest), Object(CakeResponse))
#8 {main}
2012-04-14 16:54:53 Error: [MissingTableException] Table hot_species for model HotSpecie was not found in datasource default.
#0 C:\xampp\htdocs\Elke8eProject\lib\Cake\Model\Model.php(3398): Model->setSource('hot_species')
#1 C:\xampp\htdocs\Elke8eProject\lib\Cake\Model\Model.php(2653): Model->getDataSource()
#2 C:\xampp\htdocs\Elke8eProject\app\Controller\HotSpeciesController.php(61): Model->find('all')
#3 [internal function]: HotSpeciesController->show()
#4 C:\xampp\htdocs\Elke8eProject\lib\Cake\Controller\Controller.php(485): ReflectionMethod->invokeArgs(Object(HotSpeciesController), Array)
#5 C:\xampp\htdocs\Elke8eProject\lib\Cake\Routing\Dispatcher.php(103): Controller->invokeAction(Object(CakeRequest))
#6 C:\xampp\htdocs\Elke8eProject\lib\Cake\Routing\Dispatcher.php(85): Dispatcher->_invoke(Object(HotSpeciesController), Object(CakeRequest), Object(CakeResponse))
#7 C:\xampp\htdocs\Elke8eProject\app\webroot\index.php(96): Dispatcher->dispatch(Object(CakeRequest), Object(CakeResponse))
#8 {main}
2012-04-14 17:07:35 Error: [MissingViewException] View file "C:\xampp\htdocs\Elke8eProject\app\View\HotSpecies\show.ctp" is missing.
#0 C:\xampp\htdocs\Elke8eProject\lib\Cake\View\View.php(460): View->_getViewFileName(NULL)
#1 C:\xampp\htdocs\Elke8eProject\lib\Cake\Controller\Controller.php(959): View->render(NULL, NULL)
#2 C:\xampp\htdocs\Elke8eProject\lib\Cake\Routing\Dispatcher.php(110): Controller->render()
#3 C:\xampp\htdocs\Elke8eProject\lib\Cake\Routing\Dispatcher.php(85): Dispatcher->_invoke(Object(HotSpeciesController), Object(CakeRequest), Object(CakeResponse))
#4 C:\xampp\htdocs\Elke8eProject\app\webroot\index.php(96): Dispatcher->dispatch(Object(CakeRequest), Object(CakeResponse))
#5 {main}
2012-04-14 17:07:45 Error: [MissingViewException] View file "C:\xampp\htdocs\Elke8eProject\app\View\HotSpecies\show.ctp" is missing.
#0 C:\xampp\htdocs\Elke8eProject\lib\Cake\View\View.php(460): View->_getViewFileName(NULL)
#1 C:\xampp\htdocs\Elke8eProject\lib\Cake\Controller\Controller.php(959): View->render(NULL, NULL)
#2 C:\xampp\htdocs\Elke8eProject\lib\Cake\Routing\Dispatcher.php(110): Controller->render()
#3 C:\xampp\htdocs\Elke8eProject\lib\Cake\Routing\Dispatcher.php(85): Dispatcher->_invoke(Object(HotSpeciesController), Object(CakeRequest), Object(CakeResponse))
#4 C:\xampp\htdocs\Elke8eProject\app\webroot\index.php(96): Dispatcher->dispatch(Object(CakeRequest), Object(CakeResponse))
#5 {main}
2012-04-14 18:13:25 Error: [MissingViewException] View file "C:\xampp\htdocs\Elke8eProject\app\View\HotSpecies\show.ctp" is missing.
#0 C:\xampp\htdocs\Elke8eProject\lib\Cake\View\View.php(460): View->_getViewFileName(NULL)
#1 C:\xampp\htdocs\Elke8eProject\lib\Cake\Controller\Controller.php(959): View->render(NULL, NULL)
#2 C:\xampp\htdocs\Elke8eProject\lib\Cake\Routing\Dispatcher.php(110): Controller->render()
#3 C:\xampp\htdocs\Elke8eProject\lib\Cake\Routing\Dispatcher.php(85): Dispatcher->_invoke(Object(HotSpeciesController), Object(CakeRequest), Object(CakeResponse))
#4 C:\xampp\htdocs\Elke8eProject\app\webroot\index.php(96): Dispatcher->dispatch(Object(CakeRequest), Object(CakeResponse))
#5 {main}
2012-04-14 18:13:49 Error: [MissingActionException] Action ReportsController::index() could not be found.
#0 C:\xampp\htdocs\Elke8eProject\lib\Cake\Routing\Dispatcher.php(103): Controller->invokeAction(Object(CakeRequest))
#1 C:\xampp\htdocs\Elke8eProject\lib\Cake\Routing\Dispatcher.php(85): Dispatcher->_invoke(Object(ReportsController), Object(CakeRequest), Object(CakeResponse))
#2 C:\xampp\htdocs\Elke8eProject\app\webroot\index.php(96): Dispatcher->dispatch(Object(CakeRequest), Object(CakeResponse))
#3 {main}
2012-04-14 18:38:48 Error: [MissingViewException] View file "C:\xampp\htdocs\Elke8eProject\app\View\HotSpecies\show.ctp" is missing.
#0 C:\xampp\htdocs\Elke8eProject\lib\Cake\View\View.php(460): View->_getViewFileName(NULL)
#1 C:\xampp\htdocs\Elke8eProject\lib\Cake\Controller\Controller.php(959): View->render(NULL, NULL)
#2 C:\xampp\htdocs\Elke8eProject\lib\Cake\Routing\Dispatcher.php(110): Controller->render()
#3 C:\xampp\htdocs\Elke8eProject\lib\Cake\Routing\Dispatcher.php(85): Dispatcher->_invoke(Object(HotSpeciesController), Object(CakeRequest), Object(CakeResponse))
#4 C:\xampp\htdocs\Elke8eProject\app\webroot\index.php(96): Dispatcher->dispatch(Object(CakeRequest), Object(CakeResponse))
#5 {main}
2012-04-14 18:39:08 Error: [MissingViewException] View file "C:\xampp\htdocs\Elke8eProject\app\View\HotSpecies\show.ctp" is missing.
#0 C:\xampp\htdocs\Elke8eProject\lib\Cake\View\View.php(460): View->_getViewFileName(NULL)
#1 C:\xampp\htdocs\Elke8eProject\lib\Cake\Controller\Controller.php(959): View->render(NULL, NULL)
#2 C:\xampp\htdocs\Elke8eProject\lib\Cake\Routing\Dispatcher.php(110): Controller->render()
#3 C:\xampp\htdocs\Elke8eProject\lib\Cake\Routing\Dispatcher.php(85): Dispatcher->_invoke(Object(HotSpeciesController), Object(CakeRequest), Object(CakeResponse))
#4 C:\xampp\htdocs\Elke8eProject\app\webroot\index.php(96): Dispatcher->dispatch(Object(CakeRequest), Object(CakeResponse))
#5 {main}
2012-04-14 18:52:14 Error: [MissingActionException] Action HotSpeciesController::index() could not be found.
#0 C:\xampp\htdocs\Elke8eProject\lib\Cake\Routing\Dispatcher.php(103): Controller->invokeAction(Object(CakeRequest))
#1 C:\xampp\htdocs\Elke8eProject\lib\Cake\Routing\Dispatcher.php(85): Dispatcher->_invoke(Object(HotSpeciesController), Object(CakeRequest), Object(CakeResponse))
#2 C:\xampp\htdocs\Elke8eProject\app\webroot\index.php(96): Dispatcher->dispatch(Object(CakeRequest), Object(CakeResponse))
#3 {main}
2012-04-16 00:21:51 Error: [MissingActionException] Action HotSpeciesController::index() could not be found.
#0 C:\xampp\htdocs\Elke8eProject\lib\Cake\Routing\Dispatcher.php(103): Controller->invokeAction(Object(CakeRequest))
#1 C:\xampp\htdocs\Elke8eProject\lib\Cake\Routing\Dispatcher.php(85): Dispatcher->_invoke(Object(HotSpeciesController), Object(CakeRequest), Object(CakeResponse))
#2 C:\xampp\htdocs\Elke8eProject\app\webroot\index.php(96): Dispatcher->dispatch(Object(CakeRequest), Object(CakeResponse))
#3 {main}
2012-04-16 00:22:02 Error: [MissingActionException] Action HotSpeciesController::index() could not be found.
#0 C:\xampp\htdocs\Elke8eProject\lib\Cake\Routing\Dispatcher.php(103): Controller->invokeAction(Object(CakeRequest))
#1 C:\xampp\htdocs\Elke8eProject\lib\Cake\Routing\Dispatcher.php(85): Dispatcher->_invoke(Object(HotSpeciesController), Object(CakeRequest), Object(CakeResponse))
#2 C:\xampp\htdocs\Elke8eProject\app\webroot\index.php(96): Dispatcher->dispatch(Object(CakeRequest), Object(CakeResponse))
#3 {main}
2012-04-16 01:03:35 Error: [PDOException] SQLSTATE[42000]: Syntax error or access violation: 1064 You have an error in your SQL syntax; check the manual that corresponds to your MySQL server version for the right syntax to use near 'del' at line 1
#0 C:\xampp\htdocs\Elke8eProject\lib\Cake\Model\Datasource\DboSource.php(437): PDOStatement->execute(Array)
#1 C:\xampp\htdocs\Elke8eProject\lib\Cake\Model\Datasource\DboSource.php(403): DboSource->_execute('del', Array)
#2 C:\xampp\htdocs\Elke8eProject\lib\Cake\Model\Datasource\DboSource.php(647): DboSource->execute('del', Array, Array)
#3 C:\xampp\htdocs\Elke8eProject\lib\Cake\Model\Datasource\DboSource.php(589): DboSource->fetchAll('del', Array, Array)
#4 C:\xampp\htdocs\Elke8eProject\lib\Cake\Model\Model.php(775): DboSource->query('del', Array, Object(HotSpecie))
#5 [internal function]: Model->__call('del', Array)
#6 C:\xampp\htdocs\Elke8eProject\app\Controller\HotSpeciesController.php(54): HotSpecie->del('1')
#7 [internal function]: HotSpeciesController->delete('1')
#8 C:\xampp\htdocs\Elke8eProject\lib\Cake\Controller\Controller.php(485): ReflectionMethod->invokeArgs(Object(HotSpeciesController), Array)
#9 C:\xampp\htdocs\Elke8eProject\lib\Cake\Routing\Dispatcher.php(103): Controller->invokeAction(Object(CakeRequest))
#10 C:\xampp\htdocs\Elke8eProject\lib\Cake\Routing\Dispatcher.php(85): Dispatcher->_invoke(Object(HotSpeciesController), Object(CakeRequest), Object(CakeResponse))
#11 C:\xampp\htdocs\Elke8eProject\app\webroot\index.php(96): Dispatcher->dispatch(Object(CakeRequest), Object(CakeResponse))
#12 {main}
2012-04-17 19:23:19 Error: [MissingActionException] Action HotSpeciesController::submit() could not be found.
#0 C:\xampp\htdocs\Elke8eProject\lib\Cake\Routing\Dispatcher.php(103): Controller->invokeAction(Object(CakeRequest))
#1 C:\xampp\htdocs\Elke8eProject\lib\Cake\Routing\Dispatcher.php(85): Dispatcher->_invoke(Object(HotSpeciesController), Object(CakeRequest), Object(CakeResponse))
#2 C:\xampp\htdocs\Elke8eProject\app\webroot\index.php(96): Dispatcher->dispatch(Object(CakeRequest), Object(CakeResponse))
#3 {main}
2012-04-17 19:33:43 Error: [MissingActionException] Action ReportsController::index() could not be found.
#0 C:\xampp\htdocs\Elke8eProject\lib\Cake\Routing\Dispatcher.php(103): Controller->invokeAction(Object(CakeRequest))
#1 C:\xampp\htdocs\Elke8eProject\lib\Cake\Routing\Dispatcher.php(85): Dispatcher->_invoke(Object(ReportsController), Object(CakeRequest), Object(CakeResponse))
#2 C:\xampp\htdocs\Elke8eProject\app\webroot\index.php(96): Dispatcher->dispatch(Object(CakeRequest), Object(CakeResponse))
#3 {main}
2012-04-17 19:33:52 Error: [MissingActionException] Action ReportsController::show() could not be found.
#0 C:\xampp\htdocs\Elke8eProject\lib\Cake\Routing\Dispatcher.php(103): Controller->invokeAction(Object(CakeRequest))
#1 C:\xampp\htdocs\Elke8eProject\lib\Cake\Routing\Dispatcher.php(85): Dispatcher->_invoke(Object(ReportsController), Object(CakeRequest), Object(CakeResponse))
#2 C:\xampp\htdocs\Elke8eProject\app\webroot\index.php(96): Dispatcher->dispatch(Object(CakeRequest), Object(CakeResponse))
#3 {main}
2012-04-18 18:44:39 Error: [MissingConnectionException] Database connection "SQLSTATE[42000] [1049] Unknown database 'database'" is missing, or could not be created.
#0 /Applications/MAMP/htdocs/Elke8eProject/lib/Cake/Model/Datasource/DboSource.php(245): Mysql->connect()
#1 /Applications/MAMP/htdocs/Elke8eProject/lib/Cake/Model/ConnectionManager.php(101): DboSource->__construct(Array)
#2 /Applications/MAMP/htdocs/Elke8eProject/lib/Cake/Model/Model.php(3372): ConnectionManager::getDataSource('default')
#3 /Applications/MAMP/htdocs/Elke8eProject/lib/Cake/Model/Model.php(1083): Model->setDataSource('default')
#4 /Applications/MAMP/htdocs/Elke8eProject/lib/Cake/Model/Model.php(3398): Model->setSource('reports')
#5 /Applications/MAMP/htdocs/Elke8eProject/lib/Cake/Model/Model.php(1276): Model->getDataSource()
#6 /Applications/MAMP/htdocs/Elke8eProject/lib/Cake/View/Helper/FormHelper.php(191): Model->schema()
#7 /Applications/MAMP/htdocs/Elke8eProject/lib/Cake/View/Helper/FormHelper.php(444): FormHelper->_introspectModel('Report', 'fields')
#8 /Applications/MAMP/htdocs/Elke8eProject/app/View/reports/create.ctp(2): FormHelper->create('Report', Array)
#9 /Applications/MAMP/htdocs/Elke8eProject/lib/Cake/View/View.php(908): include('/Applications/M...')
#10 /Applications/MAMP/htdocs/Elke8eProject/lib/Cake/View/View.php(872): View->_evaluate('/Applications/M...', Array)
#11 /Applications/MAMP/htdocs/Elke8eProject/lib/Cake/View/View.php(463): View->_render('/Applications/M...')
#12 /Applications/MAMP/htdocs/Elke8eProject/lib/Cake/Controller/Controller.php(959): View->render(NULL, NULL)
#13 /Applications/MAMP/htdocs/Elke8eProject/lib/Cake/Routing/Dispatcher.php(110): Controller->render()
#14 /Applications/MAMP/htdocs/Elke8eProject/lib/Cake/Routing/Dispatcher.php(85): Dispatcher->_invoke(Object(ReportsController), Object(CakeRequest), Object(CakeResponse))
#15 /Applications/MAMP/htdocs/Elke8eProject/app/webroot/index.php(96): Dispatcher->dispatch(Object(CakeRequest), Object(CakeResponse))
#16 {main}
